<?xml version="1.0" encoding="UTF-8"?>
<!-- Generated by org.testng.reporters.JUnitXMLReporter -->
<testsuite hostname="LAPTOP-U74Q3VS2" name="TC002" tests="1" failures="0" timestamp="20 Jun 2020 08:35:11 GMT" time="13.428" errors="0">
  <testcase name="@BeforeClass beforeClassTestAnnLoad" time="0.0" classname="in.ibm.chirra.saf.test.Test_2">
    <failure type="java.lang.NullPointerException">
      <![CDATA[java.lang.NullPointerException
	at in.ibm.chirra.saf.report.HTMLReport.addTestCaseToReport(HTMLReport.java:49)
	at in.ibm.chirra.saf.driverSetup.DriverSetup.loadDriver(DriverSetup.java:96)
	at in.ibm.chirra.saf.driverSetup.DriverSetup.beforeClassTestAnnLoad(DriverSetup.java:73)
	at java.util.concurrent.FutureTask.run(Unknown Source)
	at java.util.concurrent.ThreadPoolExecutor.runWorker(Unknown Source)
	at java.util.concurrent.ThreadPoolExecutor$Worker.run(Unknown Source)
	at java.lang.Thread.run(Unknown Source)
... Removed 16 stack frames]]>
    </failure>
  </testcase> <!-- @BeforeClass beforeClassTestAnnLoad -->
  <testcase name="@AfterClass afterClassTestAnnLoad" time="0.0" classname="in.ibm.chirra.saf.test.Test_2">
    <skipped/>
  </testcase> <!-- @AfterClass afterClassTestAnnLoad -->
  <testcase name="sampleTest1" time="0.0" classname="in.ibm.chirra.saf.test.Test_2">
    <skipped/>
  </testcase> <!-- sampleTest1 -->
</testsuite> <!-- TC002 -->
