<?xml version="1.0" encoding="UTF-8"?>
<testng-results skipped="0" failed="0" total="1" passed="1">
  <reporter-output>
  </reporter-output>
  <suite name="Default suite" duration-ms="25669" started-at="2020-06-18T09:16:10Z" finished-at="2020-06-18T09:16:36Z">
    <groups>
    </groups>
    <test name="Default test" duration-ms="25669" started-at="2020-06-18T09:16:10Z" finished-at="2020-06-18T09:16:36Z">
      <class name="in.ibm.chirra.saf.FWSetup.FW_Eecute_testNG">
        <test-method status="PASS" signature="runFrameWork()[pri:0, instance:in.ibm.chirra.saf.FWSetup.FW_Eecute_testNG@4b44655e]" name="runFrameWork" duration-ms="25650" started-at="2020-06-18T14:46:10Z" finished-at="2020-06-18T14:46:36Z">
          <reporter-output>
          </reporter-output>
        </test-method> <!-- runFrameWork -->
      </class> <!-- in.ibm.chirra.saf.FWSetup.FW_Eecute_testNG -->
    </test> <!-- Default test -->
  </suite> <!-- Default suite -->
</testng-results>
