<?xml version="1.0" encoding="UTF-8"?>
<testng-results skipped="0" failed="0" total="1" passed="1">
  <reporter-output>
  </reporter-output>
  <suite name="Default suite" duration-ms="14585" started-at="2020-06-24T11:43:46Z" finished-at="2020-06-24T11:44:00Z">
    <groups>
    </groups>
    <test name="Default test" duration-ms="14585" started-at="2020-06-24T11:43:46Z" finished-at="2020-06-24T11:44:00Z">
      <class name="in.ibm.chirra.saf.FWSetup.FWEecuteTestNG">
        <test-method status="PASS" signature="runFrameWork()[pri:0, instance:in.ibm.chirra.saf.FWSetup.FWEecuteTestNG@1d76aeea]" name="runFrameWork" duration-ms="14576" started-at="2020-06-24T17:13:46Z" finished-at="2020-06-24T17:14:00Z">
          <reporter-output>
          </reporter-output>
        </test-method> <!-- runFrameWork -->
      </class> <!-- in.ibm.chirra.saf.FWSetup.FWEecuteTestNG -->
    </test> <!-- Default test -->
  </suite> <!-- Default suite -->
</testng-results>
